<?xml version="1.0" encoding="UTF-8"?>
<!-- Generated by org.testng.reporters.JUnitXMLReporter -->
<testsuite hostname="DESKTOP-E19KO8D" ignored="0" name="Functions" tests="10" failures="0" timestamp="2020-04-06T20:28:22 CEST" time="300.205" errors="0">
  <testcase name="enterTheStoreTest" time="2.293" classname="tests.EnterTheStoreTest"/>
  <testcase name="testImageMenu" time="5.906" classname="tests.PetStoreMenuTest"/>
  <testcase name="testLeftMenu" time="3.774" classname="tests.PetStoreMenuTest"/>
  <testcase name="testQuickMenu" time="3.881" classname="tests.PetStoreMenuTest"/>
  <testcase name="testSignInButton" time="30.226" classname="tests.PetStoreMenuTest"/>
  <testcase name="RegistrationTest" time="58.273" classname="tests.RegistrationPageTest"/>
  <testcase name="loginInTest" time="77.067" classname="tests.SignInPageTest"/>
  <testcase name="registerBtnFuncTest" time="0.547" classname="tests.SignInPageTest"/>
  <testcase name="addToCartTest" time="8.927" classname="tests.CartPageTest"/>
  <testcase name="isCookiesFuncTest" time="35.986" classname="tests.CartPageTest"/>
</testsuite> <!-- Functions -->
