<?xml version="1.0" encoding="UTF-8"?>
<!-- Generated by org.testng.reporters.JUnitXMLReporter -->
<testsuite hostname="DESKTOP-E19KO8D" ignored="0" name="Functions" tests="10" failures="0" timestamp="2020-04-05T19:30:11 CEST" time="276.144" errors="0">
  <testcase name="enterTheStoreTest" time="9.358" classname="tests.EnterTheStoreTest"/>
  <testcase name="testImageMenu" time="6.474" classname="tests.PetStoreMenuTest"/>
  <testcase name="testLeftMenu" time="3.76" classname="tests.PetStoreMenuTest"/>
  <testcase name="testQuickMenu" time="3.768" classname="tests.PetStoreMenuTest"/>
  <testcase name="testSignInButton" time="30.293" classname="tests.PetStoreMenuTest"/>
  <testcase name="RegistrationTest" time="62.817" classname="tests.RegistrationPageTest"/>
  <testcase name="loginInTest" time="71.047" classname="tests.SignInPageTest"/>
  <testcase name="registerBtnFuncTest" time="0.434" classname="tests.SignInPageTest"/>
  <testcase name="addToCartTest" time="8.251" classname="tests.CartPageTest"/>
  <testcase name="isCookiesFuncTest" time="0.53" classname="tests.CartPageTest"/>
</testsuite> <!-- Functions -->
