<?xml version="1.0" encoding="UTF-8"?>
<testng-results skipped="0" failed="0" ignored="0" total="2" passed="2">
  <reporter-output>
  </reporter-output>
  <suite name="Default suite" duration-ms="36150" started-at="2020-04-06T20:29:46 CEST" finished-at="2020-04-06T20:30:23 CEST">
    <groups>
    </groups>
    <test name="Default test" duration-ms="36150" started-at="2020-04-06T20:29:46 CEST" finished-at="2020-04-06T20:30:23 CEST">
      <class name="tests.CartPageTest">
        <test-method status="PASS" signature="setup()[pri:0, instance:tests.CartPageTest@551aa95a]" name="setup" is-config="true" duration-ms="16553" started-at="2020-04-06T20:29:47 CEST" finished-at="2020-04-06T20:30:03 CEST">
          <reporter-output>
          </reporter-output>
        </test-method> <!-- setup -->
        <test-method status="PASS" signature="addToCartTest()[pri:0, instance:tests.CartPageTest@551aa95a]" name="addToCartTest" duration-ms="13105" started-at="2020-04-06T20:30:03 CEST" finished-at="2020-04-06T20:30:16 CEST">
          <reporter-output>
          </reporter-output>
        </test-method> <!-- addToCartTest -->
        <test-method status="PASS" signature="isCookiesFuncTest()[pri:0, instance:tests.CartPageTest@551aa95a]" name="isCookiesFuncTest" duration-ms="6345" started-at="2020-04-06T20:30:16 CEST" finished-at="2020-04-06T20:30:23 CEST">
          <reporter-output>
          </reporter-output>
        </test-method> <!-- isCookiesFuncTest -->
      </class> <!-- tests.CartPageTest -->
    </test> <!-- Default test -->
  </suite> <!-- Default suite -->
</testng-results>
